#
# There is insufficient memory for the Java Runtime Environment to continue.
# Native memory allocation (malloc) failed to allocate 870736 bytes for Chunk::new
# Possible reasons:
#   The system is out of physical RAM or swap space
#   In 32 bit mode, the process size limit was hit
# Possible solutions:
#   Reduce memory load on the system
#   Increase physical memory or swap space
#   Check if swap backing store is full
#   Use 64 bit Java on a 64 bit OS
#   Decrease Java heap size (-Xmx/-Xms)
#   Decrease number of Java threads
#   Decrease Java thread stack sizes (-Xss)
#   Set larger code cache with -XX:ReservedCodeCacheSize=
# This output file may be truncated or incomplete.
#
#  Out of Memory Error (allocation.cpp:390), pid=5096, tid=0x0000000000000dc0
#
# JRE version: OpenJDK Runtime Environment (8.0_112-b06) (build 1.8.0_112-release-b06)
# Java VM: OpenJDK 64-Bit Server VM (25.112-b06 mixed mode windows-amd64 compressed oops)
# Failed to write core dump. Minidumps are not enabled by default on client versions of Windows
#

---------------  T H R E A D  ---------------

Current thread (0x0000000016c77000):  JavaThread "C2 CompilerThread0" daemon [_thread_in_native, id=3520, stack(0x00000000182c0000,0x00000000183c0000)]

Stack: [0x00000000182c0000,0x00000000183c0000]
[error occurred during error reporting (printing stack bounds), id 0xc0000005]

Native frames: (J=compiled Java code, j=interpreted, Vv=VM code, C=native code)


Current CompileTask:
C2:  11593 4028   !   4       java.util.jar.Attributes::read (380 bytes)


---------------  P R O C E S S  ---------------

Java Threads: ( => current thread )
  0x000000001b9be800 JavaThread "File lock request listener" [_thread_in_native, id=2440, stack(0x000000001c8c0000,0x000000001c9c0000)]
  0x0000000019713000 JavaThread "Stdin handler" [_thread_blocked, id=5288, stack(0x000000001b1f0000,0x000000001b2f0000)]
  0x0000000019712800 JavaThread "Asynchronous log dispatcher for org.gradle.launcher.daemon.server.DefaultDaemonConnection@4f9486a8" [_thread_blocked, id=1576, stack(0x000000001b0f0000,0x000000001b1f0000)]
  0x0000000019708800 JavaThread "Daemon worker" [_thread_in_Java, id=5908, stack(0x000000001aff0000,0x000000001b0f0000)]
  0x0000000019705000 JavaThread "Cancel handler" [_thread_blocked, id=4672, stack(0x000000001aef0000,0x000000001aff0000)]
  0x00000000197a0000 JavaThread "Handler for socket connection from /127.0.0.1:54319 to /127.0.0.1:54320" [_thread_in_native, id=4516, stack(0x000000001adf0000,0x000000001aef0000)]
  0x000000001978e000 JavaThread "Daemon" [_thread_blocked, id=5792, stack(0x000000001acf0000,0x000000001adf0000)]
  0x0000000019e35000 JavaThread "pool-1-thread-1" [_thread_blocked, id=972, stack(0x000000001abf0000,0x000000001acf0000)]
  0x000000001a245800 JavaThread "Incoming local TCP Connector on port 54319" [_thread_in_native, id=1800, stack(0x00000000193c0000,0x00000000194c0000)]
  0x00000000185e3800 JavaThread "Service Thread" daemon [_thread_blocked, id=4556, stack(0x00000000189c0000,0x0000000018ac0000)]
  0x0000000016c6b800 JavaThread "C1 CompilerThread2" daemon [_thread_blocked, id=6740, stack(0x00000000184c0000,0x00000000185c0000)]
  0x0000000016c7a000 JavaThread "C2 CompilerThread1" daemon [_thread_in_native, id=1708, stack(0x00000000183c0000,0x00000000184c0000)]
=>0x0000000016c77000 JavaThread "C2 CompilerThread0" daemon [_thread_in_native, id=3520, stack(0x00000000182c0000,0x00000000183c0000)]
  0x0000000016c76000 JavaThread "Attach Listener" daemon [_thread_blocked, id=7632, stack(0x00000000181c0000,0x00000000182c0000)]
  0x0000000016c75000 JavaThread "Signal Dispatcher" daemon [_thread_blocked, id=7380, stack(0x00000000180c0000,0x00000000181c0000)]
  0x00000000032fb000 JavaThread "Finalizer" daemon [_thread_blocked, id=6996, stack(0x0000000017ed0000,0x0000000017fd0000)]
  0x00000000032f0000 JavaThread "Reference Handler" daemon [_thread_blocked, id=3348, stack(0x0000000017dd0000,0x0000000017ed0000)]
  0x0000000003200800 JavaThread "main" [_thread_blocked, id=708, stack(0x00000000030f0000,0x00000000031f0000)]

Other Threads:
  0x0000000016c34800 VMThread [stack: 0x0000000017cd0000,0x0000000017dd0000] [id=5936]
  0x00000000185e5000 WatcherThread [stack: 0x0000000018ac0000,0x0000000018bc0000] [id=8120]

VM state:not at safepoint (normal execution)

VM Mutex/Monitor currently owned by a thread: None

Heap:
 PSYoungGen      total 80896K, used 26250K [0x00000000e0000000, 0x00000000e6b00000, 0x0000000100000000)
  eden space 69632K, 37% used [0x00000000e0000000,0x00000000e19a2bd0,0x00000000e4400000)
  from space 11264K, 0% used [0x00000000e6000000,0x00000000e6000000,0x00000000e6b00000)
  to   space 9728K, 0% used [0x00000000e4400000,0x00000000e4400000,0x00000000e4d80000)
 ParOldGen       total 65536K, used 14861K [0x00000000a0000000, 0x00000000a4000000, 0x00000000e0000000)
  object space 65536K, 22% used [0x00000000a0000000,0x00000000a0e83498,0x00000000a4000000)
 Metaspace       used 36472K, capacity 37212K, committed 37424K, reserved 1081344K
  class space    used 4912K, capacity 5148K, committed 5168K, reserved 1048576K

Card table byte_map: [0x00000000126c0000,0x00000000129d0000] byte_map_base: 0x00000000121c0000

Marking Bits: (ParMarkBitMap*) 0x00000000668118f0
 Begin Bits: [0x0000000012fd0000, 0x00000000147d0000)
 End Bits:   [0x00000000147d0000, 0x0000000015fd0000)

Polling page: 0x0000000000ff0000

CodeCache: size=245760Kb used=14783Kb max_used=14783Kb free=230976Kb
 bounds [0x0000000003300000, 0x0000000004180000, 0x0000000012300000]
 total_blobs=4591 nmethods=3912 adapters=591
 compilation: enabled

Compilation events (10 events):
Event: 11.583 Thread 0x0000000016c6b800 4109       2       com.google.common.base.Splitter$SplittingIterator::<init> (39 bytes)
Event: 11.583 Thread 0x0000000016c6b800 nmethod 4109 0x000000000417a2d0 code [0x000000000417a420, 0x000000000417a5d0]
Event: 11.583 Thread 0x0000000016c6b800 4110       2       com.google.common.base.AbstractIterator::<init> (12 bytes)
Event: 11.583 Thread 0x0000000016c6b800 nmethod 4110 0x000000000417a690 code [0x000000000417a7e0, 0x000000000417a950]
Event: 11.583 Thread 0x0000000016c6b800 4111       1       org.gradle.model.internal.registry.BindingPredicate::getReference (5 bytes)
Event: 11.584 Thread 0x0000000016c6b800 nmethod 4111 0x000000000417a9d0 code [0x000000000417ab20, 0x000000000417ac30]
Event: 11.584 Thread 0x0000000016c6b800 4114       1       com.google.common.collect.LinkedHashMultimap$ValueSet::access$000 (5 bytes)
Event: 11.584 Thread 0x0000000016c6b800 nmethod 4114 0x000000000417ac90 code [0x000000000417ade0, 0x000000000417aed0]
Event: 11.586 Thread 0x0000000016c6b800 4115       1       java.util.Collections$EmptyList::size (2 bytes)
Event: 11.586 Thread 0x0000000016c6b800 nmethod 4115 0x000000000417af50 code [0x000000000417b0a0, 0x000000000417b1b0]

GC Heap History (10 events):
Event: 7.070 GC heap before
{Heap before GC invocations=8 (full 1):
 PSYoungGen      total 58368K, used 55155K [0x00000000e0000000, 0x00000000e4400000, 0x0000000100000000)
  eden space 49152K, 100% used [0x00000000e0000000,0x00000000e3000000,0x00000000e3000000)
  from space 9216K, 65% used [0x00000000e3b00000,0x00000000e40dcf50,0x00000000e4400000)
  to   space 10240K, 0% used [0x00000000e3000000,0x00000000e3000000,0x00000000e3a00000)
 ParOldGen       total 65536K, used 8469K [0x00000000a0000000, 0x00000000a4000000, 0x00000000e0000000)
  object space 65536K, 12% used [0x00000000a0000000,0x00000000a0845688,0x00000000a4000000)
 Metaspace       used 28975K, capacity 29716K, committed 29872K, reserved 1075200K
  class space    used 3997K, capacity 4229K, committed 4272K, reserved 1048576K
Event: 7.078 GC heap after
Heap after GC invocations=8 (full 1):
 PSYoungGen      total 59392K, used 6757K [0x00000000e0000000, 0x00000000e5980000, 0x0000000100000000)
  eden space 49152K, 0% used [0x00000000e0000000,0x00000000e0000000,0x00000000e3000000)
  from space 10240K, 65% used [0x00000000e3000000,0x00000000e3699560,0x00000000e3a00000)
  to   space 9728K, 0% used [0x00000000e5000000,0x00000000e5000000,0x00000000e5980000)
 ParOldGen       total 65536K, used 8477K [0x00000000a0000000, 0x00000000a4000000, 0x00000000e0000000)
  object space 65536K, 12% used [0x00000000a0000000,0x00000000a0847688,0x00000000a4000000)
 Metaspace       used 28975K, capacity 29716K, committed 29872K, reserved 1075200K
  class space    used 3997K, capacity 4229K, committed 4272K, reserved 1048576K
}
Event: 9.588 GC heap before
{Heap before GC invocations=9 (full 1):
 PSYoungGen      total 59392K, used 55909K [0x00000000e0000000, 0x00000000e5980000, 0x0000000100000000)
  eden space 49152K, 100% used [0x00000000e0000000,0x00000000e3000000,0x00000000e3000000)
  from space 10240K, 65% used [0x00000000e3000000,0x00000000e3699560,0x00000000e3a00000)
  to   space 9728K, 0% used [0x00000000e5000000,0x00000000e5000000,0x00000000e5980000)
 ParOldGen       total 65536K, used 8477K [0x00000000a0000000, 0x00000000a4000000, 0x00000000e0000000)
  object space 65536K, 12% used [0x00000000a0000000,0x00000000a0847688,0x00000000a4000000)
 Metaspace       used 29397K, capacity 30170K, committed 30384K, reserved 1075200K
  class space    used 4010K, capacity 4230K, committed 4272K, reserved 1048576K
Event: 9.595 GC heap after
Heap after GC invocations=9 (full 1):
 PSYoungGen      total 76800K, used 5280K [0x00000000e0000000, 0x00000000e5700000, 0x0000000100000000)
  eden space 69632K, 0% used [0x00000000e0000000,0x00000000e0000000,0x00000000e4400000)
  from space 7168K, 73% used [0x00000000e5000000,0x00000000e5528010,0x00000000e5700000)
  to   space 9728K, 0% used [0x00000000e4400000,0x00000000e4400000,0x00000000e4d80000)
 ParOldGen       total 65536K, used 8557K [0x00000000a0000000, 0x00000000a4000000, 0x00000000e0000000)
  object space 65536K, 13% used [0x00000000a0000000,0x00000000a085b6b0,0x00000000a4000000)
 Metaspace       used 29397K, capacity 30170K, committed 30384K, reserved 1075200K
  class space    used 4010K, capacity 4230K, committed 4272K, reserved 1048576K
}
Event: 11.088 GC heap before
{Heap before GC invocations=10 (full 1):
 PSYoungGen      total 76800K, used 74912K [0x00000000e0000000, 0x00000000e5700000, 0x0000000100000000)
  eden space 69632K, 100% used [0x00000000e0000000,0x00000000e4400000,0x00000000e4400000)
  from space 7168K, 73% used [0x00000000e5000000,0x00000000e5528010,0x00000000e5700000)
  to   space 9728K, 0% used [0x00000000e4400000,0x00000000e4400000,0x00000000e4d80000)
 ParOldGen       total 65536K, used 8557K [0x00000000a0000000, 0x00000000a4000000, 0x00000000e0000000)
  object space 65536K, 13% used [0x00000000a0000000,0x00000000a085b6b0,0x00000000a4000000)
 Metaspace       used 34090K, capacity 34888K, committed 35120K, reserved 1079296K
  class space    used 4614K, capacity 4848K, committed 4912K, reserved 1048576K
Event: 11.102 GC heap after
Heap after GC invocations=10 (full 1):
 PSYoungGen      total 79360K, used 9708K [0x00000000e0000000, 0x00000000e6b00000, 0x0000000100000000)
  eden space 69632K, 0% used [0x00000000e0000000,0x00000000e0000000,0x00000000e4400000)
  from space 9728K, 99% used [0x00000000e4400000,0x00000000e4d7b260,0x00000000e4d80000)
  to   space 11264K, 0% used [0x00000000e6000000,0x00000000e6000000,0x00000000e6b00000)
 ParOldGen       total 65536K, used 9958K [0x00000000a0000000, 0x00000000a4000000, 0x00000000e0000000)
  object space 65536K, 15% used [0x00000000a0000000,0x00000000a09b98d8,0x00000000a4000000)
 Metaspace       used 34090K, capacity 34888K, committed 35120K, reserved 1079296K
  class space    used 4614K, capacity 4848K, committed 4912K, reserved 1048576K
}
Event: 11.186 GC heap before
{Heap before GC invocations=11 (full 1):
 PSYoungGen      total 79360K, used 15141K [0x00000000e0000000, 0x00000000e6b00000, 0x0000000100000000)
  eden space 69632K, 7% used [0x00000000e0000000,0x00000000e054e208,0x00000000e4400000)
  from space 9728K, 99% used [0x00000000e4400000,0x00000000e4d7b260,0x00000000e4d80000)
  to   space 11264K, 0% used [0x00000000e6000000,0x00000000e6000000,0x00000000e6b00000)
 ParOldGen       total 65536K, used 9958K [0x00000000a0000000, 0x00000000a4000000, 0x00000000e0000000)
  object space 65536K, 15% used [0x00000000a0000000,0x00000000a09b98d8,0x00000000a4000000)
 Metaspace       used 34635K, capacity 35380K, committed 35496K, reserved 1079296K
  class space    used 4691K, capacity 4882K, committed 4912K, reserved 1048576K
Event: 11.202 GC heap after
Heap after GC invocations=11 (full 1):
 PSYoungGen      total 80896K, used 7978K [0x00000000e0000000, 0x00000000e6b00000, 0x0000000100000000)
  eden space 69632K, 0% used [0x00000000e0000000,0x00000000e0000000,0x00000000e4400000)
  from space 11264K, 70% used [0x00000000e6000000,0x00000000e67caab0,0x00000000e6b00000)
  to   space 9728K, 0% used [0x00000000e4400000,0x00000000e4400000,0x00000000e4d80000)
 ParOldGen       total 65536K, used 9958K [0x00000000a0000000, 0x00000000a4000000, 0x00000000e0000000)
  object space 65536K, 15% used [0x00000000a0000000,0x00000000a09b98d8,0x00000000a4000000)
 Metaspace       used 34635K, capacity 35380K, committed 35496K, reserved 1079296K
  class space    used 4691K, capacity 4882K, committed 4912K, reserved 1048576K
}
Event: 11.202 GC heap before
{Heap before GC invocations=12 (full 2):
 PSYoungGen      total 80896K, used 7978K [0x00000000e0000000, 0x00000000e6b00000, 0x0000000100000000)
  eden space 69632K, 0% used [0x00000000e0000000,0x00000000e0000000,0x00000000e4400000)
  from space 11264K, 70% used [0x00000000e6000000,0x00000000e67caab0,0x00000000e6b00000)
  to   space 9728K, 0% used [0x00000000e4400000,0x00000000e4400000,0x00000000e4d80000)
 ParOldGen       total 65536K, used 9958K [0x00000000a0000000, 0x00000000a4000000, 0x00000000e0000000)
  object space 65536K, 15% used [0x00000000a0000000,0x00000000a09b98d8,0x00000000a4000000)
 Metaspace       used 34635K, capacity 35380K, committed 35496K, reserved 1079296K
  class space    used 4691K, capacity 4882K, committed 4912K, reserved 1048576K
Event: 11.294 GC heap after
Heap after GC invocations=12 (full 2):
 PSYoungGen      total 80896K, used 0K [0x00000000e0000000, 0x00000000e6b00000, 0x0000000100000000)
  eden space 69632K, 0% used [0x00000000e0000000,0x00000000e0000000,0x00000000e4400000)
  from space 11264K, 0% used [0x00000000e6000000,0x00000000e6000000,0x00000000e6b00000)
  to   space 9728K, 0% used [0x00000000e4400000,0x00000000e4400000,0x00000000e4d80000)
 ParOldGen       total 65536K, used 14861K [0x00000000a0000000, 0x00000000a4000000, 0x00000000e0000000)
  object space 65536K, 22% used [0x00000000a0000000,0x00000000a0e83498,0x00000000a4000000)
 Metaspace       used 34635K, capacity 35380K, committed 35496K, reserved 1079296K
  class space    used 4691K, capacity 4882K, committed 4912K, reserved 1048576K
}

Deoptimization events (10 events):
Event: 10.958 Thread 0x0000000019708800 Uncommon trap: reason=unstable_if action=reinterpret pc=0x000000000402d5d4 method=java.lang.reflect.Modifier.toString(I)Ljava/lang/String; @ 123
Event: 11.447 Thread 0x0000000019708800 Uncommon trap: reason=unstable_if action=reinterpret pc=0x0000000003e6cd4c method=java.lang.ThreadLocal.get()Ljava/lang/Object; @ 11
Event: 11.468 Thread 0x0000000019708800 Uncommon trap: reason=class_check action=maybe_recompile pc=0x0000000003dd62e8 method=java.util.Hashtable.put(Ljava/lang/Object;Ljava/lang/Object;)Ljava/lang/Object; @ 18
Event: 11.468 Thread 0x0000000019708800 Uncommon trap: reason=class_check action=maybe_recompile pc=0x0000000003dd62e8 method=java.util.Hashtable.put(Ljava/lang/Object;Ljava/lang/Object;)Ljava/lang/Object; @ 18
Event: 11.468 Thread 0x0000000019708800 Uncommon trap: reason=class_check action=maybe_recompile pc=0x0000000003dd62e8 method=java.util.Hashtable.put(Ljava/lang/Object;Ljava/lang/Object;)Ljava/lang/Object; @ 18
Event: 11.468 Thread 0x0000000019708800 Uncommon trap: reason=class_check action=maybe_recompile pc=0x0000000003dd62e8 method=java.util.Hashtable.put(Ljava/lang/Object;Ljava/lang/Object;)Ljava/lang/Object; @ 18
Event: 11.468 Thread 0x0000000019708800 Uncommon trap: reason=class_check action=maybe_recompile pc=0x0000000003dd1454 method=java.util.Hashtable.addEntry(ILjava/lang/Object;Ljava/lang/Object;I)V @ 38
Event: 11.469 Thread 0x0000000019708800 Uncommon trap: reason=unstable_if action=reinterpret pc=0x00000000039edebc method=java.lang.CharacterDataLatin1.isWhitespace(I)Z @ 14
Event: 11.502 Thread 0x0000000019708800 Uncommon trap: reason=unstable_if action=reinterpret pc=0x0000000003a5082c method=java.security.CodeSource.getCertificates()[Ljava/security/cert/Certificate; @ 22
Event: 11.515 Thread 0x0000000019708800 Uncommon trap: reason=unstable_if action=reinterpret pc=0x0000000003ddae7c method=java.util.LinkedHashMap.get(Ljava/lang/Object;)Ljava/lang/Object; @ 20

Internal exceptions (10 events):
Event: 11.377 Thread 0x0000000019708800 Exception <a 'java/lang/ClassNotFoundException': com/android/build/gradle/internal/api/DefaultAndroidSourceSet_DecoratedCustomizer> (0x00000000e057b880) thrown at [C:\src\android\AOSP-openjdk\external\jetbrains\jdk\hotspot\src\share\vm\classfile\systemDict	åúäå&@
Event: 11.447 Thread 0x0000000019708800 Implicit null exception at 0x0000000003e6cca8 to 0x0000000003e6cd39
Event: 11.539 Thread 0x0000000019708800 Exception <a 'java/lang/ClassNotFoundException': com/android/build/gradle/internal/dsl/BuildType_DecoratedBeanInfo> (0x00000000e1651aa8) thrown at [C:\src\android\AOSP-openjdk\external\jetbrains\jdk\hotspot\src\share\vm\classfile\systemDictionary.cpp, line
Event: 11.540 Thread 0x0000000019708800 Exception <a 'java/lang/ClassNotFoundException': com/android/build/gradle/internal/dsl/BuildTypeBeanInfo> (0x00000000e1662978) thrown at [C:\src\android\AOSP-openjdk\external\jetbrains\jdk\hotspot\src\share\vm\classfile\systemDictionary.cpp, line 210]
Event: 11.540 Thread 0x0000000019708800 Exception <a 'java/lang/ClassNotFoundException': com/android/builder/core/DefaultBuildTypeBeanInfo> (0x00000000e1672630) thrown at [C:\src\android\AOSP-openjdk\external\jetbrains\jdk\hotspot\src\share\vm\classfile\systemDictionary.cpp, line 210]
Event: 11.541 Thread 0x0000000019708800 Exception <a 'java/lang/ClassNotFoundException': com/android/builder/internal/BaseConfigImplBeanInfo> (0x00000000e1683620) thrown at [C:\src\android\AOSP-openjdk\external\jetbrains\jdk\hotspot\src\share\vm\classfile\systemDictionary.cpp, line 210]
Event: 11.543 Thread 0x0000000019708800 Exception <a 'java/lang/ClassNotFoundException': com/android/builder/internal/BaseConfigImplCustomizer> (0x00000000e1694630) thrown at [C:\src\android\AOSP-openjdk\external\jetbrains\jdk\hotspot\src\share\vm\classfile\systemDictionary.cpp, line 210]
Event: 11.548 Thread 0x0000000019708800 Exception <a 'java/lang/ClassNotFoundException': com/android/builder/core/DefaultBuildTypeCustomizer> (0x00000000e16cf558) thrown at [C:\src\android\AOSP-openjdk\external\jetbrains\jdk\hotspot\src\share\vm\classfile\systemDictionary.cpp, line 210]
Event: 11.551 Thread 0x0000000019708800 Exception <a 'java/lang/ClassNotFoundException': com/android/build/gradle/internal/dsl/BuildTypeCustomizer> (0x00000000e16fd480) thrown at [C:\src\android\AOSP-openjdk\external\jetbrains\jdk\hotspot\src\share\vm\classfile\systemDictionary.cpp, line 210]
Event: 11.552 Thread 0x0000000019708800 Exception <a 'java/lang/ClassNotFoundException': com/android/build/gradle/internal/dsl/BuildType_DecoratedCustomizer> (0x00000000e1743b90) thrown at [C:\src\android\AOSP-openjdk\external\jetbrains\jdk\hotspot\src\share\vm\classfile\systemDictionary.cpp, li†#<EÁ&@

Events (10 events):
Event: 11.586 loading class com/android/build/gradle/internal/scope/AndroidTask$2
Event: 11.586 loading class com/android/build/gradle/internal/scope/AndroidTask$2 done
Event: 11.586 loading class com/android/build/gradle/internal/tasks/SourceSetsTask$ConfigAction
Event: 11.586 loading class com/android/build/gradle/internal/tasks/SourceSetsTask$ConfigAction done
Event: 11.587 loading class com/android/build/gradle/internal/tasks/SourceSetsTask
Event: 11.587 loading class com/android/build/gradle/internal/tasks/SourceSetsTask done
Event: 11.587 loading class org/gradle/api/tasks/diagnostics/AbstractReportTask
Event: 11.587 loading class org/gradle/api/tasks/diagnostics/AbstractReportTask done
Event: 11.588 loading class org/gradle/api/tasks/diagnostics/internal/ProjectReportGenerator
Event: 11.588 loading class org/gradle/api/tasks/diagnostics/internal/ProjectReportGenerator done


Dynamic libraries:
0x00007ff7fc650000 - 0x00007ff7fc681000 	D:\Program Files\Android\Android Studio\jre\bin\java.exe
0x00007ff91c830000 - 0x00007ff91ca0b000 	C:\WINDOWS\SYSTEM32\ntdll.dll
0x00007ff91bef0000 - 0x00007ff91bf9e000 	C:\WINDOWS\System32\KERNEL32.DLL
0x00007ff918ed0000 - 0x00007ff919119000 	C:\WINDOWS\System32\KERNELBASE.dll
0x00007ff91c020000 - 0x00007ff91c0c1000 	C:\WINDOWS\System32\ADVAPI32.dll
0x00007ff91c790000 - 0x00007ff91c82d000 	C:\WINDOWS\System32\msvcrt.dll
0x00007ff91bbd0000 - 0x00007ff91bc29000 	C:\WINDOWS\System32\sechost.dll
0x00007ff91bc30000 - 0x00007ff91bd55000 	C:\WINDOWS\System32\RPCRT4.dll
0x00007ff91ba80000 - 0x00007ff91bbca000 	C:\WINDOWS\System32\USER32.dll
0x00007ff919ae0000 - 0x00007ff919afe000 	C:\WINDOWS\System32\win32u.dll
0x00007ff919d90000 - 0x00007ff919db7000 	C:\WINDOWS\System32\GDI32.dll
0x00007ff919c00000 - 0x00007ff919d88000 	C:\WINDOWS\System32\gdi32full.dll
0x00007ff919120000 - 0x00007ff9191ba000 	C:\WINDOWS\System32\msvcp_win.dll
0x00007ff919b00000 - 0x00007ff919bf6000 	C:\WINDOWS\System32\ucrtbase.dll
0x00007ff9076d0000 - 0x00007ff907937000 	C:\WINDOWS\WinSxS\amd64_microsoft.windows.common-controls_6595b64144ccf1df_6.0.15063.0_none_108e4f62dfe5d999\COMCTL32.dll
0x00007ff91b460000 - 0x00007ff91b759000 	C:\WINDOWS\System32\combase.dll
0x00007ff918d50000 - 0x00007ff918dba000 	C:\WINDOWS\System32\bcryptPrimitives.dll
0x00007ff91c6b0000 - 0x00007ff91c6dd000 	C:\WINDOWS\System32\IMM32.DLL
0x0000000065f70000 - 0x0000000066042000 	D:\Program Files\Android\Android Studio\jre\jre\bin\msvcr100.dll
0x0000000066050000 - 0x000000006688c000 	D:\Program Files\Android\Android Studio\jre\jre\bin\server\jvm.dll
0x00007ff919dc0000 - 0x00007ff919dc8000 	C:\WINDOWS\System32\PSAPI.DLL
0x00007ff910a60000 - 0x00007ff910a83000 	C:\WINDOWS\SYSTEM32\WINMM.dll
0x00007ff911a50000 - 0x00007ff911a5a000 	C:\WINDOWS\SYSTEM32\VERSION.dll
0x00007ff912160000 - 0x00007ff912169000 	C:\WINDOWS\SYSTEM32\WSOCK32.dll
0x00007ff91bdc0000 - 0x00007ff91be2c000 	C:\WINDOWS\System32\WS2_32.dll
0x00007ff910a30000 - 0x00007ff910a5b000 	C:\WINDOWS\SYSTEM32\WINMMBASE.dll
0x00007ff9191c0000 - 0x00007ff919209000 	C:\WINDOWS\System32\cfgmgr32.dll
0x00007ff912850000 - 0x00007ff91285f000 	D:\Program Files\Android\Android Studio\jre\jre\bin\verify.dll
0x00007ff912640000 - 0x00007ff912669000 	D:\Program Files\Android\Android Studio\jre\jre\bin\java.dll
0x00007ff912830000 - 0x00007ff912846000 	D:\Program Files\Android\Android Studio\jre\jre\bin\zip.dll
0x00007ff919fc0000 - 0x00007ff91b3f7000 	C:\WINDOWS\System32\SHELL32.dll
0x00007ff91c6e0000 - 0x00007ff91c78a000 	C:\WINDOWS\System32\shcore.dll
0x00007ff919210000 - 0x00007ff919902000 	C:\WINDOWS\System32\windows.storage.dll
0x00007ff91bd60000 - 0x00007ff91bdb1000 	C:\WINDOWS\System32\shlwapi.dll
0x00007ff918d30000 - 0x00007ff918d41000 	C:\WINDOWS\System32\kernel.appcore.dll
0x00007ff918ca0000 - 0x00007ff918cec000 	C:\WINDOWS\System32\powrprof.dll
0x00007ff918cf0000 - 0x00007ff918d05000 	C:\WINDOWS\System32\profapi.dll
0x00007ff90fc10000 - 0x00007ff90fc2a000 	D:\Program Files\Android\Android Studio\jre\jre\bin\net.dll
0x00007ff918550000 - 0x00007ff9185ac000 	C:\WINDOWS\system32\mswsock.dll
0x00007ff90f520000 - 0x00007ff90f531000 	D:\Program Files\Android\Android Studio\jre\jre\bin\nio.dll
0x00007ff90a6e0000 - 0x00007ff90a6f2000 	C:\Users\admin\.gradle\native\19\windows-amd64\native-platform.dll
0x00007ff9186f0000 - 0x00007ff918707000 	C:\WINDOWS\SYSTEM32\CRYPTSP.dll
0x00007ff918170000 - 0x00007ff9181a4000 	C:\WINDOWS\system32\rsaenh.dll
0x00007ff918b70000 - 0x00007ff918b95000 	C:\WINDOWS\SYSTEM32\bcrypt.dll
0x00007ff918ba0000 - 0x00007ff918bc9000 	C:\WINDOWS\SYSTEM32\USERENV.dll
0x00007ff918710000 - 0x00007ff91871b000 	C:\WINDOWS\SYSTEM32\CRYPTBASE.dll
0x00007ff9182f0000 - 0x00007ff918327000 	C:\WINDOWS\SYSTEM32\IPHLPAPI.DLL
0x00007ff91ba70000 - 0x00007ff91ba78000 	C:\WINDOWS\System32\NSI.dll
0x00007ff910780000 - 0x00007ff910796000 	C:\WINDOWS\SYSTEM32\dhcpcsvc6.DLL
0x00007ff9108c0000 - 0x00007ff9108da000 	C:\WINDOWS\SYSTEM32\dhcpcsvc.DLL
0x00007ff911f60000 - 0x00007ff911f6d000 	D:\Program Files\Android\Android Studio\jre\jre\bin\management.dll

VM Arguments:
jvm_args: -Xmx1536m -Dfile.encoding=windows-1252 -Duser.country=US -Duser.language=en -Duser.variant 
java_command: org.gradle.launcher.daemon.bootstrap.GradleDaemon 2.14.1
java_class_path (initial): C:\Users\admin\.gradle\wrapper\dists\gradle-2.14.1-all\8bnwg5hd3w55iofp58khbp6yv\gradle-2.14.1\lib\gradle-launcher-2.14.1.jar
Launcher Type: SUN_STANDARD

Environment Variables:
JAVA_HOME=D:\Program Files\Java\jdk1.8.0_131
PATH="D:\Program Files\Java\jdk1.8.0_131\bin;C:\ProgramData\Oracle\Java\javapath";C:\WINDOWS\system32;C:\WINDOWS;C:\WINDOWS\System32\Wbem;C:\WINDOWS\System32\WindowsPowerShell\v1.0\;C:\Program Files (x86)\AMD\ATI.ACE\Core-Static;C:\Users\admin\AppData\Local\Microsoft\WindowsApps;
USERNAME=admin
OS=Windows_NT
PROCESSOR_IDENTIFIER=Intel64 Family 6 Model 60 Stepping 3, GenuineIntel



---------------  S Y S T E M  ---------------

OS: Windows 10.0 , 64 bit Build 15063 (10.0.15063.296)

CPU:total 4 (2 cores per cpu, 2 threads per core) family 6 model 60 stepping 3, cmov, cx8, fxsr, mmx, sse, sse2, sse3, ssse3, sse4.1, sse4.2, popcnt, avx, avx2, aes, clmul, erms, lzcnt, ht, tsc, tscinvbit, bmi1, bmi2

Memory: 4k page, physical 8201324k(3329392k free), swap 21244392k(4268k free)

vm_info: OpenJDK 64-Bit Server VM (25.112-b06) for windows-amd64 JRE (1.8.0_112-release-b06), built on Dec  8 2016 00:54:26 by "builder" with MS VC++ 10.0 (VS2010)

time: Fri Jun 16 23:49:58 2017
elapsed time: 11 seconds (0d 0h 0m 11s)

