#
# There is insufficient memory for the Java Runtime Environment to continue.
# Native memory allocation (malloc) failed to allocate 32744 bytes for ChunkPool::allocate
# Possible reasons:
#   The system is out of physical RAM or swap space
#   In 32 bit mode, the process size limit was hit
# Possible solutions:
#   Reduce memory load on the system
#   Increase physical memory or swap space
#   Check if swap backing store is full
#   Use 64 bit Java on a 64 bit OS
#   Decrease Java heap size (-Xmx/-Xms)
#   Decrease number of Java threads
#   Decrease Java thread stack sizes (-Xss)
#   Set larger code cache with -XX:ReservedCodeCacheSize=
# This output file may be truncated or incomplete.
#
#  Out of Memory Error (allocation.cpp:273), pid=3612, tid=0x0000000000000a24
#
# JRE version: OpenJDK Runtime Environment (8.0_112-b06) (build 1.8.0_112-release-b06)
# Java VM: OpenJDK 64-Bit Server VM (25.112-b06 mixed mode windows-amd64 compressed oops)
# Failed to write core dump. Minidumps are not enabled by default on client versions of Windows
#

---------------  T H R E A D  ---------------

Current thread (0x00000000169b7000):  JavaThread "C2 CompilerThread0" daemon [_thread_in_native, id=2596, stack(0x0000000017ff0000,0x00000000180f0000)]

Stack: [0x0000000017ff0000,0x00000000180f0000]
[error occurred during error reporting (printing stack bounds), id 0xc0000005]

Native frames: (J=compiled Java code, j=interpreted, Vv=VM code, C=native code)


Current CompileTask:
C2:  12392 5392       4       com.sun.beans.TypeResolver::resolve (37 bytes)


---------------  P R O C E S S  ---------------

Java Threads: ( => current thread )
  0x00000000197a4000 JavaThread "File lock request listener" [_thread_in_native, id=1936, stack(0x000000001c560000,0x000000001c660000)]
  0x0000000019e43800 JavaThread "Stdin handler" [_thread_blocked, id=5316, stack(0x000000001ae90000,0x000000001af90000)]
  0x00000000194a9800 JavaThread "Asynchronous log dispatcher for org.gradle.launcher.daemon.server.DefaultDaemonConnection@7355d3f8" [_thread_blocked, id=1516, stack(0x000000001ad90000,0x000000001ae90000)]
  0x00000000194a6000 JavaThread "Daemon worker" [_thread_in_vm, id=8028, stack(0x000000001ac90000,0x000000001ad90000)]
  0x000000001945a000 JavaThread "Cancel handler" [_thread_blocked, id=1888, stack(0x000000001ab90000,0x000000001ac90000)]
  0x00000000194bd000 JavaThread "Handler for socket connection from /127.0.0.1:54313 to /127.0.0.1:54314" [_thread_in_native, id=6868, stack(0x000000001aa90000,0x000000001ab90000)]
  0x0000000019c2a800 JavaThread "Daemon" [_thread_blocked, id=2464, stack(0x000000001a990000,0x000000001aa90000)]
  0x0000000019871000 JavaThread "pool-1-thread-1" [_thread_blocked, id=7540, stack(0x000000001a890000,0x000000001a990000)]
  0x0000000019995800 JavaThread "Incoming local TCP Connector on port 54313" [_thread_in_native, id=3452, stack(0x000000001a460000,0x000000001a560000)]
  0x0000000018310800 JavaThread "Service Thread" daemon [_thread_blocked, id=3904, stack(0x00000000186f0000,0x00000000187f0000)]
  0x00000000169ac000 JavaThread "C1 CompilerThread2" daemon [_thread_blocked, id=7180, stack(0x00000000181f0000,0x00000000182f0000)]
  0x00000000169a8800 JavaThread "C2 CompilerThread1" daemon [_thread_in_native, id=7564, stack(0x00000000180f0000,0x00000000181f0000)]
=>0x00000000169b7000 JavaThread "C2 CompilerThread0" daemon [_thread_in_native, id=2596, stack(0x0000000017ff0000,0x00000000180f0000)]
  0x00000000169b5800 JavaThread "Attach Listener" daemon [_thread_blocked, id=5036, stack(0x0000000017ef0000,0x0000000017ff0000)]
  0x00000000169b4000 JavaThread "Signal Dispatcher" daemon [_thread_blocked, id=8036, stack(0x0000000017df0000,0x0000000017ef0000)]
  0x000000000303c000 JavaThread "Finalizer" daemon [_thread_blocked, id=1264, stack(0x0000000017c00000,0x0000000017d00000)]
  0x0000000003030000 JavaThread "Reference Handler" daemon [_thread_blocked, id=4732, stack(0x0000000017b00000,0x0000000017c00000)]
  0x0000000002f40800 JavaThread "main" [_thread_blocked, id=3260, stack(0x0000000002e40000,0x0000000002f40000)]

Other Threads:
  0x0000000016974800 VMThread [stack: 0x0000000017a00000,0x0000000017b00000] [id=4868]
  0x0000000016a0d000 WatcherThread [stack: 0x00000000187f0000,0x00000000188f0000] [id=7756]

VM state:not at safepoint (normal execution)

VM Mutex/Monitor currently owned by a thread: None

Heap:
 PSYoungGen      total 87552K, used 77209K [0x00000000e0000000, 0x00000000e7100000, 0x0000000100000000)
  eden space 76800K, 86% used [0x00000000e0000000,0x00000000e40ea518,0x00000000e4b00000)
  from space 10752K, 99% used [0x00000000e4b00000,0x00000000e557c1c8,0x00000000e5580000)
  to   space 11776K, 0% used [0x00000000e6580000,0x00000000e6580000,0x00000000e7100000)
 ParOldGen       total 107520K, used 17793K [0x00000000a0000000, 0x00000000a6900000, 0x00000000e0000000)
  object space 107520K, 16% used [0x00000000a0000000,0x00000000a1160430,0x00000000a6900000)
 Metaspace       used 48329K, capacity 49558K, committed 49840K, reserved 1091584K
  class space    used 6462K, capacity 6742K, committed 6832K, reserved 1048576K

Card table byte_map: [0x0000000012400000,0x0000000012710000] byte_map_base: 0x0000000011f00000

Marking Bits: (ParMarkBitMap*) 0x00000000668118f0
 Begin Bits: [0x0000000012d10000, 0x0000000014510000)
 End Bits:   [0x0000000014510000, 0x0000000015d10000)

Polling page: 0x0000000000db0000

CodeCache: size=245760Kb used=17879Kb max_used=17879Kb free=227880Kb
 bounds [0x0000000003040000, 0x00000000041d0000, 0x0000000012040000]
 total_blobs=5896 nmethods=5172 adapters=636
 compilation: enabled

Compilation events (10 events):
Event: 12.366 Thread 0x00000000169ac000 5639       3       sun.misc.ProxyGenerator$ProxyMethod::access$1900 (6 bytes)
Event: 12.366 Thread 0x00000000169ac000 nmethod 5639 0x0000000003842e50 code [0x0000000003842fc0, 0x0000000003843128]
Event: 12.366 Thread 0x00000000169ac000 5638       3       sun.misc.ProxyGenerator$ConstantPool::getInterfaceMethodRef (33 bytes)
Event: 12.367 Thread 0x00000000169ac000 nmethod 5638 0x00000000041c4050 code [0x00000000041c42e0, 0x00000000041c5088]
Event: 12.384 Thread 0x00000000169ac000 5640       3       org.gradle.api.internal.AbstractClassGenerator$ClassMetaData::addActionMethod (12 bytes)
Event: 12.384 Thread 0x00000000169ac000 nmethod 5640 0x00000000038429d0 code [0x0000000003842b40, 0x0000000003842d68]
Event: 12.384 Thread 0x00000000169ac000 5642       3       org.gradle.api.internal.AbstractClassGenerator::findClosureOverload (111 bytes)
Event: 12.385 Thread 0x00000000169ac000 nmethod 5642 0x00000000041c5b90 code [0x00000000041c5e40, 0x00000000041c7418]
Event: 12.385 Thread 0x00000000169ac000 5641       1       com.google.common.collect.LinkedHashMultimap$ValueEntry::getSuccessorInValueSet (5 bytes)
Event: 12.385 Thread 0x00000000169ac000 nmethod 5641 0x0000000003842710 code [0x0000000003842860, 0x0000000003842970]

GC Heap History (10 events):
Event: 6.963 GC heap before
{Heap before GC invocations=9 (full 1):
 PSYoungGen      total 56832K, used 53228K [0x00000000e0000000, 0x00000000e5280000, 0x0000000100000000)
  eden space 46592K, 100% used [0x00000000e0000000,0x00000000e2d80000,0x00000000e2d80000)
  from space 10240K, 64% used [0x00000000e2d80000,0x00000000e33fb030,0x00000000e3780000)
  to   space 9728K, 0% used [0x00000000e4900000,0x00000000e4900000,0x00000000e5280000)
 ParOldGen       total 65024K, used 8553K [0x00000000a0000000, 0x00000000a3f80000, 0x00000000e0000000)
  object space 65024K, 13% used [0x00000000a0000000,0x00000000a085a5e0,0x00000000a3f80000)
 Metaspace       used 29311K, capacity 30036K, committed 30384K, reserved 1075200K
  class space    used 3999K, capacity 4229K, committed 4272K, reserved 1048576K
Event: 6.970 GC heap after
Heap after GC invocations=9 (full 1):
 PSYoungGen      total 71680K, used 5492K [0x00000000e0000000, 0x00000000e5100000, 0x0000000100000000)
  eden space 63488K, 0% used [0x00000000e0000000,0x00000000e0000000,0x00000000e3e00000)
  from space 8192K, 67% used [0x00000000e4900000,0x00000000e4e5d020,0x00000000e5100000)
  to   space 9728K, 0% used [0x00000000e3e00000,0x00000000e3e00000,0x00000000e4780000)
 ParOldGen       total 65024K, used 8561K [0x00000000a0000000, 0x00000000a3f80000, 0x00000000e0000000)
  object space 65024K, 13% used [0x00000000a0000000,0x00000000a085c5e0,0x00000000a3f80000)
 Metaspace       used 29311K, capacity 30036K, committed 30384K, reserved 1075200K
  class space    used 3999K, capacity 4229K, committed 4272K, reserved 1048576K
}
Event: 8.527 GC heap before
{Heap before GC invocations=10 (full 1):
 PSYoungGen      total 71680K, used 50333K [0x00000000e0000000, 0x00000000e5100000, 0x0000000100000000)
  eden space 63488K, 70% used [0x00000000e0000000,0x00000000e2bca528,0x00000000e3e00000)
  from space 8192K, 67% used [0x00000000e4900000,0x00000000e4e5d020,0x00000000e5100000)
  to   space 9728K, 0% used [0x00000000e3e00000,0x00000000e3e00000,0x00000000e4780000)
 ParOldGen       total 65024K, used 8561K [0x00000000a0000000, 0x00000000a3f80000, 0x00000000e0000000)
  object space 65024K, 13% used [0x00000000a0000000,0x00000000a085c5e0,0x00000000a3f80000)
 Metaspace       used 34436K, capacity 35248K, committed 35496K, reserved 1079296K
  class space    used 4598K, capacity 4838K, committed 4912K, reserved 1048576K
Event: 8.538 GC heap after
Heap after GC invocations=10 (full 1):
 PSYoungGen      total 73216K, used 9699K [0x00000000e0000000, 0x00000000e6100000, 0x0000000100000000)
  eden space 63488K, 0% used [0x00000000e0000000,0x00000000e0000000,0x00000000e3e00000)
  from space 9728K, 99% used [0x00000000e3e00000,0x00000000e4778e78,0x00000000e4780000)
  to   space 11264K, 0% used [0x00000000e5600000,0x00000000e5600000,0x00000000e6100000)
 ParOldGen       total 65024K, used 9768K [0x00000000a0000000, 0x00000000a3f80000, 0x00000000e0000000)
  object space 65024K, 15% used [0x00000000a0000000,0x00000000a098a098,0x00000000a3f80000)
 Metaspace       used 34436K, capacity 35248K, committed 35496K, reserved 1079296K
  class space    used 4598K, capacity 4838K, committed 4912K, reserved 1048576K
}
Event: 8.538 GC heap before
{Heap before GC invocations=11 (full 2):
 PSYoungGen      total 73216K, used 9699K [0x00000000e0000000, 0x00000000e6100000, 0x0000000100000000)
  eden space 63488K, 0% used [0x00000000e0000000,0x00000000e0000000,0x00000000e3e00000)
  from space 9728K, 99% used [0x00000000e3e00000,0x00000000e4778e78,0x00000000e4780000)
  to   space 11264K, 0% used [0x00000000e5600000,0x00000000e5600000,0x00000000e6100000)
 ParOldGen       total 65024K, used 9768K [0x00000000a0000000, 0x00000000a3f80000, 0x00000000e0000000)
  object space 65024K, 15% used [0x00000000a0000000,0x00000000a098a098,0x00000000a3f80000)
 Metaspace       used 34436K, capacity 35248K, committed 35496K, reserved 1079296K
  class space    used 4598K, capacity 4838K, committed 4912K, reserved 1048576K
Event: 8.619 GC heap after
Heap after GC invocations=11 (full 2):
 PSYoungGen      total 73216K, used 0K [0x00000000e0000000, 0x00000000e6100000, 0x0000000100000000)
  eden space 63488K, 0% used [0x00000000e0000000,0x00000000e0000000,0x00000000e3e00000)
  from space 9728K, 0% used [0x00000000e3e00000,0x00000000e3e00000,0x00000000e4780000)
  to   space 11264K, 0% used [0x00000000e5600000,0x00000000e5600000,0x00000000e6100000)
 ParOldGen       total 107520K, used 17576K [0x00000000a0000000, 0x00000000a6900000, 0x00000000e0000000)
  object space 107520K, 16% used [0x00000000a0000000,0x00000000a112a0e0,0x00000000a6900000)
 Metaspace       used 34409K, capacity 35160K, committed 35496K, reserved 1079296K
  class space    used 4590K, capacity 4830K, committed 4912K, reserved 1048576K
}
Event: 9.342 GC heap before
{Heap before GC invocations=12 (full 2):
 PSYoungGen      total 73216K, used 63488K [0x00000000e0000000, 0x00000000e6100000, 0x0000000100000000)
  eden space 63488K, 100% used [0x00000000e0000000,0x00000000e3e00000,0x00000000e3e00000)
  from space 9728K, 0% used [0x00000000e3e00000,0x00000000e3e00000,0x00000000e4780000)
  to   space 11264K, 0% used [0x00000000e5600000,0x00000000e5600000,0x00000000e6100000)
 ParOldGen       total 107520K, used 17576K [0x00000000a0000000, 0x00000000a6900000, 0x00000000e0000000)
  object space 107520K, 16% used [0x00000000a0000000,0x00000000a112a0e0,0x00000000a6900000)
 Metaspace       used 38971K, capacity 39762K, committed 40240K, reserved 1083392K
  class space    used 5170K, capacity 5399K, committed 5424K, reserved 1048576K
Event: 9.349 GC heap after
Heap after GC invocations=12 (full 2):
 PSYoungGen      total 87040K, used 6069K [0x00000000e0000000, 0x00000000e6000000, 0x0000000100000000)
  eden space 76800K, 0% used [0x00000000e0000000,0x00000000e0000000,0x00000000e4b00000)
  from space 10240K, 59% used [0x00000000e5600000,0x00000000e5bed638,0x00000000e6000000)
  to   space 10752K, 0% used [0x00000000e4b00000,0x00000000e4b00000,0x00000000e5580000)
 ParOldGen       total 107520K, used 17584K [0x00000000a0000000, 0x00000000a6900000, 0x00000000e0000000)
  object space 107520K, 16% used [0x00000000a0000000,0x00000000a112c0e0,0x00000000a6900000)
 Metaspace       used 38971K, capacity 39762K, committed 40240K, reserved 1083392K
  class space    used 5170K, capacity 5399K, committed 5424K, reserved 1048576K
}
Event: 10.912 GC heap before
{Heap before GC invocations=13 (full 2):
 PSYoungGen      total 87040K, used 82869K [0x00000000e0000000, 0x00000000e6000000, 0x0000000100000000)
  eden space 76800K, 100% used [0x00000000e0000000,0x00000000e4b00000,0x00000000e4b00000)
  from space 10240K, 59% used [0x00000000e5600000,0x00000000e5bed638,0x00000000e6000000)
  to   space 10752K, 0% used [0x00000000e4b00000,0x00000000e4b00000,0x00000000e5580000)
 ParOldGen       total 107520K, used 17584K [0x00000000a0000000, 0x00000000a6900000, 0x00000000e0000000)
  object space 107520K, 16% used [0x00000000a0000000,0x00000000a112c0e0,0x00000000a6900000)
 Metaspace       used 45830K, capacity 46838K, committed 47152K, reserved 1089536K
  class space    used 6074K, capacity 6324K, committed 6448K, reserved 1048576K
Event: 10.923 GC heap after
Heap after GC invocations=13 (full 2):
 PSYoungGen      total 87552K, used 10736K [0x00000000e0000000, 0x00000000e7100000, 0x0000000100000000)
  eden space 76800K, 0% used [0x00000000e0000000,0x00000000e0000000,0x00000000e4b00000)
  from space 10752K, 99% used [0x00000000e4b00000,0x00000000e557c1c8,0x00000000e5580000)
  to   space 11776K, 0% used [0x00000000e6580000,0x00000000e6580000,0x00000000e7100000)
 ParOldGen       total 107520K, used 17793K [0x00000000a0000000, 0x00000000a6900000, 0x00000000e0000000)
  object space 107520K, 16% used [0x00000000a0000000,0x00000000a1160430,0x00000000a6900000)
 Metaspace       used 45830K, capacity 46838K, committed 47152K, reserved 1089536K
  class space    used 6074K, capacity 6324K, committed 6448K, reserved 1048576K
}

Deoptimization events (10 events):
Event: 10.334 Thread 0x00000000194a6000 Uncommon trap: reason=unstable_if action=reinterpret pc=0x0000000003a23fc4 method=java.lang.CharacterDataLatin1.digit(II)I @ 31
Event: 10.368 Thread 0x00000000194a6000 Uncommon trap: reason=unstable_if action=reinterpret pc=0x000000000398d868 method=java.lang.CharacterDataLatin1.digit(II)I @ 31
Event: 10.924 Thread 0x000000000303c000 Uncommon trap: reason=unstable_if action=reinterpret pc=0x0000000003487674 method=java.lang.ref.ReferenceQueue.poll()Ljava/lang/ref/Reference; @ 4
Event: 11.038 Thread 0x00000000194a6000 Uncommon trap: reason=range_check action=make_not_entrant pc=0x00000000040b21e0 method=java.lang.String.charAt(I)C @ 27
Event: 11.997 Thread 0x00000000194a6000 Uncommon trap: reason=unstable_if action=reinterpret pc=0x0000000004096668 method=java.util.regex.Pattern.newSlice([IIZ)Ljava/util/regex/Pattern$Node; @ 10
Event: 12.080 Thread 0x00000000194a6000 Uncommon trap: reason=class_check action=maybe_recompile pc=0x000000000316fac4 method=sun.misc.URLClassPath.findResource(Ljava/lang/String;Z)Ljava/net/URL; @ 26
Event: 12.094 Thread 0x00000000194a6000 Uncommon trap: reason=class_check action=maybe_recompile pc=0x000000000316fac4 method=sun.misc.URLClassPath.findResource(Ljava/lang/String;Z)Ljava/net/URL; @ 26
Event: 12.123 Thread 0x00000000194a6000 Uncommon trap: reason=unstable_if action=reinterpret pc=0x00000000038b3418 method=groovy.lang.MetaClassImpl$1MOPIter.methodNameAction(Ljava/lang/Class;Lorg/codehaus/groovy/runtime/metaclass/MetaMethodIndex$Entry;)V @ 354
Event: 12.138 Thread 0x00000000194a6000 Uncommon trap: reason=unstable_if action=reinterpret pc=0x0000000004143570 method=java.io.WinNTFileSystem.prefixLength(Ljava/lang/String;)I @ 11
Event: 12.341 Thread 0x00000000194a6000 Uncommon trap: reason=unstable_if action=reinterpret pc=0x0000000003d1e000 method=org.objectweb.asm.Type.getArgumentsAndReturnSizes(Ljava/lang/String;)I @ 47

Internal exceptions (10 events):
Event: 12.169 Thread 0x00000000194a6000 Exception <a 'java/lang/NoSuchMethodError': java.lang.Object.lambda$static$1(Ljava/util/Set;Ljava/util/Set;)Z> (0x00000000e368eda8) thrown at [C:\src\android\AOSP-openjdk\external\jetbrains\jdk\hotspot\src\share\vm\interpreter\linkResolver.cpp, line 582]
Event: 12.169 Thread 0x00000000194a6000 Exception <a 'java/lang/NoSuchMethodError': java.lang.Object.lambda$static$2(Ljava/util/Set;Ljava/util/Set;)Z> (0x00000000e3691518) thrown at [C:\src\android\AOSP-openjdk\external\jetbrains\jdk\hotspot\src\share\vm\interpreter\linkResolver.cpp, line 582]
Event: 12.183 Thread 0x00000000194a6000 Exception <a 'java/lang/ClassNotFoundException': com/android/build/gradle/internal/tasks/InstallVariantTask_DecoratedBeanInfo> (0x00000000e37e1500) thrown at [C:\src\android\AOSP-openjdk\external\jetbrains\jdk\hotspot\src\share\vm\classfile\systemDictionarD³¯å×](@
Event: 12.183 Thread 0x00000000194a6000 Exception <a 'java/lang/ClassNotFoundException': com/android/build/gradle/internal/tasks/InstallVariantTaskBeanInfo> (0x00000000e37f4040) thrown at [C:\src\android\AOSP-openjdk\external\jetbrains\jdk\hotspot\src\share\vm\classfile\systemDictionary.cpp, lin¸Á€®û](@
Event: 12.184 Thread 0x00000000194a6000 Exception <a 'java/lang/ClassNotFoundException': com/android/build/gradle/internal/tasks/InstallVariantTaskCustomizer> (0x00000000e3807420) thrown at [C:\src\android\AOSP-openjdk\external\jetbrains\jdk\hotspot\src\share\vm\classfile\systemDictionary.cpp, l9$åÊ„^(@
Event: 12.185 Thread 0x00000000194a6000 Exception <a 'java/lang/ClassNotFoundException': com/android/build/gradle/internal/tasks/InstallVariantTask_DecoratedCustomizer> (0x00000000e38497a8) thrown at [C:\src\android\AOSP-openjdk\external\jetbrains\jdk\hotspot\src\share\vm\classfile\systemDictionhû
Event: 12.193 Thread 0x00000000194a6000 Exception <a 'java/lang/ClassNotFoundException': com/android/build/gradle/internal/tasks/UninstallTask_DecoratedBeanInfo> (0x00000000e3964d50) thrown at [C:\src\android\AOSP-openjdk\external\jetbrains\jdk\hotspot\src\share\vm\classfile\systemDictionary.cpp"W2L@c(@
Event: 12.194 Thread 0x00000000194a6000 Exception <a 'java/lang/ClassNotFoundException': com/android/build/gradle/internal/tasks/UninstallTaskBeanInfo> (0x00000000e3977078) thrown at [C:\src\android\AOSP-openjdk\external\jetbrains\jdk\hotspot\src\share\vm\classfile\systemDictionary.cpp, line 210‘Fcc(@
Event: 12.194 Thread 0x00000000194a6000 Exception <a 'java/lang/ClassNotFoundException': com/android/build/gradle/internal/tasks/UninstallTaskCustomizer> (0x00000000e3989538) thrown at [C:\src\android\AOSP-openjdk\external\jetbrains\jdk\hotspot\src\share\vm\classfile\systemDictionary.cpp, line 2°Ú
Event: 12.195 Thread 0x00000000194a6000 Exception <a 'java/lang/ClassNotFoundException': com/android/build/gradle/internal/tasks/UninstallTask_DecoratedCustomizer> (0x00000000e39b3a10) thrown at [C:\src\android\AOSP-openjdk\external\jetbrains\jdk\hotspot\src\share\vm\classfile\systemDictionary.c

Events (10 events):
Event: 12.381 loading class org/gradle/api/reporting/internal/TaskReportContainer
Event: 12.381 loading class org/gradle/api/reporting/internal/TaskReportContainer done
Event: 12.381 loading class org/gradle/api/reporting/internal/DefaultReportContainer
Event: 12.381 loading class org/gradle/api/reporting/internal/DefaultReportContainer done
Event: 12.386 loading class org/gradle/api/reporting/internal/TaskReportContainer$1
Event: 12.386 loading class org/gradle/api/reporting/internal/TaskReportContainer$1 done
Event: 12.386 loading class org/gradle/api/reporting/internal/TaskReportContainer$2
Event: 12.386 loading class org/gradle/api/reporting/internal/TaskReportContainer$2 done
Event: 12.387 loading class org/gradle/api/reporting/internal/TaskReportContainer$3
Event: 12.387 loading class org/gradle/api/reporting/internal/TaskReportContainer$3 done


Dynamic libraries:
0x00007ff7fc650000 - 0x00007ff7fc681000 	D:\Program Files\Android\Android Studio\jre\bin\java.exe
0x00007ff91c830000 - 0x00007ff91ca0b000 	C:\WINDOWS\SYSTEM32\ntdll.dll
0x00007ff91bef0000 - 0x00007ff91bf9e000 	C:\WINDOWS\System32\KERNEL32.DLL
0x00007ff918ed0000 - 0x00007ff919119000 	C:\WINDOWS\System32\KERNELBASE.dll
0x00007ff91c020000 - 0x00007ff91c0c1000 	C:\WINDOWS\System32\ADVAPI32.dll
0x00007ff91c790000 - 0x00007ff91c82d000 	C:\WINDOWS\System32\msvcrt.dll
0x00007ff91bbd0000 - 0x00007ff91bc29000 	C:\WINDOWS\System32\sechost.dll
0x00007ff91bc30000 - 0x00007ff91bd55000 	C:\WINDOWS\System32\RPCRT4.dll
0x00007ff91ba80000 - 0x00007ff91bbca000 	C:\WINDOWS\System32\USER32.dll
0x00007ff919ae0000 - 0x00007ff919afe000 	C:\WINDOWS\System32\win32u.dll
0x00007ff919d90000 - 0x00007ff919db7000 	C:\WINDOWS\System32\GDI32.dll
0x00007ff919c00000 - 0x00007ff919d88000 	C:\WINDOWS\System32\gdi32full.dll
0x00007ff919120000 - 0x00007ff9191ba000 	C:\WINDOWS\System32\msvcp_win.dll
0x00007ff919b00000 - 0x00007ff919bf6000 	C:\WINDOWS\System32\ucrtbase.dll
0x00007ff9076d0000 - 0x00007ff907937000 	C:\WINDOWS\WinSxS\amd64_microsoft.windows.common-controls_6595b64144ccf1df_6.0.15063.0_none_108e4f62dfe5d999\COMCTL32.dll
0x00007ff91b460000 - 0x00007ff91b759000 	C:\WINDOWS\System32\combase.dll
0x00007ff918d50000 - 0x00007ff918dba000 	C:\WINDOWS\System32\bcryptPrimitives.dll
0x00007ff91c6b0000 - 0x00007ff91c6dd000 	C:\WINDOWS\System32\IMM32.DLL
0x0000000065f70000 - 0x0000000066042000 	D:\Program Files\Android\Android Studio\jre\jre\bin\msvcr100.dll
0x0000000066050000 - 0x000000006688c000 	D:\Program Files\Android\Android Studio\jre\jre\bin\server\jvm.dll
0x00007ff919dc0000 - 0x00007ff919dc8000 	C:\WINDOWS\System32\PSAPI.DLL
0x00007ff912160000 - 0x00007ff912169000 	C:\WINDOWS\SYSTEM32\WSOCK32.dll
0x00007ff910a60000 - 0x00007ff910a83000 	C:\WINDOWS\SYSTEM32\WINMM.dll
0x00007ff91bdc0000 - 0x00007ff91be2c000 	C:\WINDOWS\System32\WS2_32.dll
0x00007ff911a50000 - 0x00007ff911a5a000 	C:\WINDOWS\SYSTEM32\VERSION.dll
0x00007ff910a30000 - 0x00007ff910a5b000 	C:\WINDOWS\SYSTEM32\WINMMBASE.dll
0x00007ff9191c0000 - 0x00007ff919209000 	C:\WINDOWS\System32\cfgmgr32.dll
0x00007ff912850000 - 0x00007ff91285f000 	D:\Program Files\Android\Android Studio\jre\jre\bin\verify.dll
0x00007ff912640000 - 0x00007ff912669000 	D:\Program Files\Android\Android Studio\jre\jre\bin\java.dll
0x00007ff912830000 - 0x00007ff912846000 	D:\Program Files\Android\Android Studio\jre\jre\bin\zip.dll
0x00007ff919fc0000 - 0x00007ff91b3f7000 	C:\WINDOWS\System32\SHELL32.dll
0x00007ff91c6e0000 - 0x00007ff91c78a000 	C:\WINDOWS\System32\shcore.dll
0x00007ff919210000 - 0x00007ff919902000 	C:\WINDOWS\System32\windows.storage.dll
0x00007ff91bd60000 - 0x00007ff91bdb1000 	C:\WINDOWS\System32\shlwapi.dll
0x00007ff918d30000 - 0x00007ff918d41000 	C:\WINDOWS\System32\kernel.appcore.dll
0x00007ff918ca0000 - 0x00007ff918cec000 	C:\WINDOWS\System32\powrprof.dll
0x00007ff918cf0000 - 0x00007ff918d05000 	C:\WINDOWS\System32\profapi.dll
0x00007ff90fc10000 - 0x00007ff90fc2a000 	D:\Program Files\Android\Android Studio\jre\jre\bin\net.dll
0x00007ff918550000 - 0x00007ff9185ac000 	C:\WINDOWS\system32\mswsock.dll
0x00007ff90f520000 - 0x00007ff90f531000 	D:\Program Files\Android\Android Studio\jre\jre\bin\nio.dll
0x00007ff90a6e0000 - 0x00007ff90a6f2000 	C:\Users\admin\.gradle\native\19\windows-amd64\native-platform.dll
0x00007ff9186f0000 - 0x00007ff918707000 	C:\WINDOWS\SYSTEM32\CRYPTSP.dll
0x00007ff918170000 - 0x00007ff9181a4000 	C:\WINDOWS\system32\rsaenh.dll
0x00007ff918b70000 - 0x00007ff918b95000 	C:\WINDOWS\SYSTEM32\bcrypt.dll
0x00007ff918ba0000 - 0x00007ff918bc9000 	C:\WINDOWS\SYSTEM32\USERENV.dll
0x00007ff918710000 - 0x00007ff91871b000 	C:\WINDOWS\SYSTEM32\CRYPTBASE.dll
0x00007ff9182f0000 - 0x00007ff918327000 	C:\WINDOWS\SYSTEM32\IPHLPAPI.DLL
0x00007ff91ba70000 - 0x00007ff91ba78000 	C:\WINDOWS\System32\NSI.dll
0x00007ff910780000 - 0x00007ff910796000 	C:\WINDOWS\SYSTEM32\dhcpcsvc6.DLL
0x00007ff9108c0000 - 0x00007ff9108da000 	C:\WINDOWS\SYSTEM32\dhcpcsvc.DLL
0x00007ff911f60000 - 0x00007ff911f6d000 	D:\Program Files\Android\Android Studio\jre\jre\bin\management.dll

VM Arguments:
jvm_args: -Xmx1536m -Dfile.encoding=windows-1252 -Duser.country=US -Duser.language=en -Duser.variant 
java_command: org.gradle.launcher.daemon.bootstrap.GradleDaemon 2.14.1
java_class_path (initial): C:\Users\admin\.gradle\wrapper\dists\gradle-2.14.1-all\8bnwg5hd3w55iofp58khbp6yv\gradle-2.14.1\lib\gradle-launcher-2.14.1.jar
Launcher Type: SUN_STANDARD

Environment Variables:
JAVA_HOME=D:\Program Files\Java\jdk1.8.0_131
PATH="D:\Program Files\Java\jdk1.8.0_131\bin;C:\ProgramData\Oracle\Java\javapath";C:\WINDOWS\system32;C:\WINDOWS;C:\WINDOWS\System32\Wbem;C:\WINDOWS\System32\WindowsPowerShell\v1.0\;C:\Program Files (x86)\AMD\ATI.ACE\Core-Static;C:\Users\admin\AppData\Local\Microsoft\WindowsApps;
USERNAME=admin
OS=Windows_NT
PROCESSOR_IDENTIFIER=Intel64 Family 6 Model 60 Stepping 3, GenuineIntel



---------------  S Y S T E M  ---------------

OS: Windows 10.0 , 64 bit Build 15063 (10.0.15063.296)

CPU:total 4 (2 cores per cpu, 2 threads per core) family 6 model 60 stepping 3, cmov, cx8, fxsr, mmx, sse, sse2, sse3, ssse3, sse4.1, sse4.2, popcnt, avx, avx2, aes, clmul, erms, lzcnt, ht, tsc, tscinvbit, bmi1, bmi2

Memory: 4k page, physical 8201324k(3336028k free), swap 21244392k(7196k free)

vm_info: OpenJDK 64-Bit Server VM (25.112-b06) for windows-amd64 JRE (1.8.0_112-release-b06), built on Dec  8 2016 00:54:26 by "builder" with MS VC++ 10.0 (VS2010)

time: Fri Jun 16 23:49:31 2017
elapsed time: 12 seconds (0d 0h 0m 12s)

