#
# There is insufficient memory for the Java Runtime Environment to continue.
# Native memory allocation (malloc) failed to allocate 32744 bytes for ChunkPool::allocate
# Possible reasons:
#   The system is out of physical RAM or swap space
#   In 32 bit mode, the process size limit was hit
# Possible solutions:
#   Reduce memory load on the system
#   Increase physical memory or swap space
#   Check if swap backing store is full
#   Use 64 bit Java on a 64 bit OS
#   Decrease Java heap size (-Xmx/-Xms)
#   Decrease number of Java threads
#   Decrease Java thread stack sizes (-Xss)
#   Set larger code cache with -XX:ReservedCodeCacheSize=
# This output file may be truncated or incomplete.
#
#  Out of Memory Error (allocation.cpp:273), pid=5360, tid=0x0000000000001bd0
#
# JRE version: OpenJDK Runtime Environment (8.0_112-b06) (build 1.8.0_112-release-b06)
# Java VM: OpenJDK 64-Bit Server VM (25.112-b06 mixed mode windows-amd64 compressed oops)
# Failed to write core dump. Minidumps are not enabled by default on client versions of Windows
#

---------------  T H R E A D  ---------------

Current thread (0x00000000164fa000):  JavaThread "C2 CompilerThread0" daemon [_thread_in_native, id=7120, stack(0x0000000017b60000,0x0000000017c60000)]

Stack: [0x0000000017b60000,0x0000000017c60000]
[error occurred during error reporting (printing stack bounds), id 0xc0000005]

Native frames: (J=compiled Java code, j=interpreted, Vv=VM code, C=native code)


Current CompileTask:
C2: 392594 9709       4       com.android.builder.dependency.AbstractBundleDependency::equals (161 bytes)


---------------  P R O C E S S  ---------------

Java Threads: ( => current thread )
  0x000000001d67b000 JavaThread "Stdin handler" [_thread_blocked, id=7808, stack(0x0000000023880000,0x0000000023980000)]
  0x000000001d681800 JavaThread "Asynchronous log dispatcher for org.gradle.launcher.daemon.server.DefaultDaemonConnection@539fe6c7" [_thread_blocked, id=7728, stack(0x0000000023780000,0x0000000023880000)]
  0x000000001d67f800 JavaThread "Cancel handler" [_thread_blocked, id=7684, stack(0x0000000023680000,0x0000000023780000)]
  0x000000001d67e800 JavaThread "Handler for socket connection from /127.0.0.1:54096 to /127.0.0.1:54144" [_thread_in_native, id=5296, stack(0x0000000023580000,0x0000000023680000)]
  0x000000001d681000 JavaThread "Daemon worker Thread 3" [_thread_in_Java, id=1500, stack(0x0000000023080000,0x0000000023180000)]
  0x000000001d67d000 JavaThread "Daemon Thread 3" [_thread_blocked, id=688, stack(0x0000000022d80000,0x0000000022e80000)]
  0x0000000019364000 JavaThread "File lock request listener" [_thread_in_native, id=6092, stack(0x000000001c170000,0x000000001c270000)]
  0x0000000019bab800 JavaThread "pool-1-thread-1" [_thread_blocked, id=1404, stack(0x000000001a4a0000,0x000000001a5a0000)]
  0x0000000019b49800 JavaThread "Incoming local TCP Connector on port 54096" [_thread_in_native, id=5196, stack(0x0000000018c60000,0x0000000018d60000)]
  0x000000001655e800 JavaThread "Service Thread" daemon [_thread_blocked, id=6568, stack(0x0000000018260000,0x0000000018360000)]
  0x0000000016500800 JavaThread "C1 CompilerThread2" daemon [_thread_in_native, id=7192, stack(0x0000000017d60000,0x0000000017e60000)]
  0x00000000164fd000 JavaThread "C2 CompilerThread1" daemon [_thread_in_native, id=1368, stack(0x0000000017c60000,0x0000000017d60000)]
=>0x00000000164fa000 JavaThread "C2 CompilerThread0" daemon [_thread_in_native, id=7120, stack(0x0000000017b60000,0x0000000017c60000)]
  0x00000000164f8800 JavaThread "Attach Listener" daemon [_thread_blocked, id=4984, stack(0x0000000017a60000,0x0000000017b60000)]
  0x00000000164f7800 JavaThread "Signal Dispatcher" daemon [_thread_blocked, id=4316, stack(0x0000000017960000,0x0000000017a60000)]
  0x0000000002b8a800 JavaThread "Finalizer" daemon [_thread_blocked, id=7068, stack(0x0000000017770000,0x0000000017870000)]
  0x0000000002b80000 JavaThread "Reference Handler" daemon [_thread_blocked, id=7860, stack(0x0000000017670000,0x0000000017770000)]
  0x0000000002a90800 JavaThread "main" [_thread_blocked, id=6416, stack(0x0000000002930000,0x0000000002a30000)]

Other Threads:
  0x00000000164c4800 VMThread [stack: 0x0000000017570000,0x0000000017670000] [id=3756]
  0x0000000017e7b800 WatcherThread [stack: 0x0000000018360000,0x0000000018460000] [id=4676]

VM state:not at safepoint (normal execution)

VM Mutex/Monitor currently owned by a thread: None

Heap:
 PSYoungGen      total 84480K, used 45140K [0x00000000e0000000, 0x00000000e6980000, 0x0000000100000000)
  eden space 61440K, 70% used [0x00000000e0000000,0x00000000e2a252e0,0x00000000e3c00000)
  from space 23040K, 8% used [0x00000000e3c00000,0x00000000e3df0000,0x00000000e5280000)
  to   space 23040K, 0% used [0x00000000e5300000,0x00000000e5300000,0x00000000e6980000)
 ParOldGen       total 62464K, used 42006K [0x00000000a0000000, 0x00000000a3d00000, 0x00000000e0000000)
  object space 62464K, 67% used [0x00000000a0000000,0x00000000a2905a68,0x00000000a3d00000)
 Metaspace       used 60105K, capacity 62596K, committed 62888K, reserved 1105920K
  class space    used 7937K, capacity 8410K, committed 8448K, reserved 1048576K

Card table byte_map: [0x0000000011f50000,0x0000000012260000] byte_map_base: 0x0000000011a50000

Marking Bits: (ParMarkBitMap*) 0x00000000668118f0
 Begin Bits: [0x0000000012860000, 0x0000000014060000)
 End Bits:   [0x0000000014060000, 0x0000000015860000)

Polling page: 0x00000000010b0000

CodeCache: size=245760Kb used=29669Kb max_used=29669Kb free=216090Kb
 bounds [0x0000000002b90000, 0x00000000048c0000, 0x0000000011b90000]
 total_blobs=9043 nmethods=8278 adapters=677
 compilation: enabled

Compilation events (10 events):
Event: 392.446 Thread 0x0000000016500800 nmethod 9701 0x000000000488a0d0 code [0x000000000488a260, 0x000000000488a8d8]
Event: 392.447 Thread 0x0000000016500800 9702   !   3       com.android.build.gradle.internal.DependencyManager::normalize (337 bytes)
Event: 392.447 Thread 0x00000000164fd000 9704       4       com.google.common.collect.ImmutableList::hashCode (42 bytes)
Event: 392.449 Thread 0x00000000164fa000 9707       4       org.gradle.api.internal.DefaultDomainObjectCollection$IteratorImpl::hasNext (10 bytes)
Event: 392.449 Thread 0x00000000164fa000 nmethod 9707 0x000000000455f410 code [0x000000000455f540, 0x000000000455f5b8]
Event: 392.450 Thread 0x00000000164fa000 9709       4       com.android.builder.dependency.AbstractBundleDependency::equals (161 bytes)
Event: 392.450 Thread 0x0000000016500800 nmethod 9702 0x000000000488c650 code [0x000000000488ce20, 0x0000000004892dd8]
Event: 392.450 Thread 0x0000000016500800 9708       3       com.android.build.gradle.internal.dependency.DependencyChecker::fillDependencyMapWithAars (128 bytes)
Event: 392.451 Thread 0x0000000016500800 nmethod 9708 0x000000000488b0d0 code [0x000000000488b340, 0x000000000488c188]
Event: 392.451 Thread 0x0000000016500800 9705       3       com.android.build.gradle.internal.DependencyManager::addDependency (1213 bytes)

GC Heap History (10 events):
Event: 321.032 GC heap before
{Heap before GC invocations=25 (full 5):
 PSYoungGen      total 80384K, used 73773K [0x00000000e0000000, 0x00000000e5e80000, 0x0000000100000000)
  eden space 65024K, 100% used [0x00000000e0000000,0x00000000e3f80000,0x00000000e3f80000)
  from space 15360K, 56% used [0x00000000e3f80000,0x00000000e480b400,0x00000000e4e80000)
  to   space 15360K, 0% used [0x00000000e4f80000,0x00000000e4f80000,0x00000000e5e80000)
 ParOldGen       total 62464K, used 24256K [0x00000000a0000000, 0x00000000a3d00000, 0x00000000e0000000)
  object space 62464K, 38% used [0x00000000a0000000,0x00000000a17b0398,0x00000000a3d00000)
 Metaspace       used 57579K, capacity 59504K, committed 59560K, reserved 1101824K
  class space    used 7498K, capacity 7906K, committed 7936K, reserved 1048576K
Event: 321.046 GC heap after
Heap after GC invocations=25 (full 5):
 PSYoungGen      total 79360K, used 13482K [0x00000000e0000000, 0x00000000e6200000, 0x0000000100000000)
  eden space 64000K, 0% used [0x00000000e0000000,0x00000000e0000000,0x00000000e3e80000)
  from space 15360K, 87% used [0x00000000e4f80000,0x00000000e5caa888,0x00000000e5e80000)
  to   space 17408K, 0% used [0x00000000e3e80000,0x00000000e3e80000,0x00000000e4f80000)
 ParOldGen       total 62464K, used 24264K [0x00000000a0000000, 0x00000000a3d00000, 0x00000000e0000000)
  object space 62464K, 38% used [0x00000000a0000000,0x00000000a17b2398,0x00000000a3d00000)
 Metaspace       used 57579K, capacity 59504K, committed 59560K, reserved 1101824K
  class space    used 7498K, capacity 7906K, committed 7936K, reserved 1048576K
}
Event: 356.270 GC heap before
{Heap before GC invocations=26 (full 5):
 PSYoungGen      total 79360K, used 77482K [0x00000000e0000000, 0x00000000e6200000, 0x0000000100000000)
  eden space 64000K, 100% used [0x00000000e0000000,0x00000000e3e80000,0x00000000e3e80000)
  from space 15360K, 87% used [0x00000000e4f80000,0x00000000e5caa888,0x00000000e5e80000)
  to   space 17408K, 0% used [0x00000000e3e80000,0x00000000e3e80000,0x00000000e4f80000)
 ParOldGen       total 62464K, used 24264K [0x00000000a0000000, 0x00000000a3d00000, 0x00000000e0000000)
  object space 62464K, 38% used [0x00000000a0000000,0x00000000a17b2398,0x00000000a3d00000)
 Metaspace       used 58141K, capacity 59982K, committed 60200K, reserved 1103872K
  class space    used 7590K, capacity 7977K, committed 8064K, reserved 1048576K
Event: 356.286 GC heap after
Heap after GC invocations=26 (full 5):
 PSYoungGen      total 81408K, used 16307K [0x00000000e0000000, 0x00000000e6600000, 0x0000000100000000)
  eden space 64000K, 0% used [0x00000000e0000000,0x00000000e0000000,0x00000000e3e80000)
  from space 17408K, 93% used [0x00000000e3e80000,0x00000000e4e6cd30,0x00000000e4f80000)
  to   space 19968K, 0% used [0x00000000e5280000,0x00000000e5280000,0x00000000e6600000)
 ParOldGen       total 62464K, used 24272K [0x00000000a0000000, 0x00000000a3d00000, 0x00000000e0000000)
  object space 62464K, 38% used [0x00000000a0000000,0x00000000a17b4398,0x00000000a3d00000)
 Metaspace       used 58141K, capacity 59982K, committed 60200K, reserved 1103872K
  class space    used 7590K, capacity 7977K, committed 8064K, reserved 1048576K
}
Event: 357.734 GC heap before
{Heap before GC invocations=27 (full 5):
 PSYoungGen      total 81408K, used 75751K [0x00000000e0000000, 0x00000000e6600000, 0x0000000100000000)
  eden space 64000K, 92% used [0x00000000e0000000,0x00000000e3a0d278,0x00000000e3e80000)
  from space 17408K, 93% used [0x00000000e3e80000,0x00000000e4e6cd30,0x00000000e4f80000)
  to   space 19968K, 0% used [0x00000000e5280000,0x00000000e5280000,0x00000000e6600000)
 ParOldGen       total 62464K, used 24272K [0x00000000a0000000, 0x00000000a3d00000, 0x00000000e0000000)
  object space 62464K, 38% used [0x00000000a0000000,0x00000000a17b4398,0x00000000a3d00000)
 Metaspace       used 59858K, capacity 62192K, committed 62376K, reserved 1105920K
  class space    used 7918K, capacity 8392K, committed 8448K, reserved 1048576K
Event: 357.752 GC heap after
Heap after GC invocations=27 (full 5):
 PSYoungGen      total 81408K, used 18963K [0x00000000e0000000, 0x00000000e6c00000, 0x0000000100000000)
  eden space 61440K, 0% used [0x00000000e0000000,0x00000000e0000000,0x00000000e3c00000)
  from space 19968K, 94% used [0x00000000e5280000,0x00000000e6504d88,0x00000000e6600000)
  to   space 23040K, 0% used [0x00000000e3c00000,0x00000000e3c00000,0x00000000e5280000)
 ParOldGen       total 62464K, used 24280K [0x00000000a0000000, 0x00000000a3d00000, 0x00000000e0000000)
  object space 62464K, 38% used [0x00000000a0000000,0x00000000a17b6398,0x00000000a3d00000)
 Metaspace       used 59858K, capacity 62192K, committed 62376K, reserved 1105920K
  class space    used 7918K, capacity 8392K, committed 8448K, reserved 1048576K
}
Event: 357.752 GC heap before
{Heap before GC invocations=28 (full 6):
 PSYoungGen      total 81408K, used 18963K [0x00000000e0000000, 0x00000000e6c00000, 0x0000000100000000)
  eden space 61440K, 0% used [0x00000000e0000000,0x00000000e0000000,0x00000000e3c00000)
  from space 19968K, 94% used [0x00000000e5280000,0x00000000e6504d88,0x00000000e6600000)
  to   space 23040K, 0% used [0x00000000e3c00000,0x00000000e3c00000,0x00000000e5280000)
 ParOldGen       total 62464K, used 24280K [0x00000000a0000000, 0x00000000a3d00000, 0x00000000e0000000)
  object space 62464K, 38% used [0x00000000a0000000,0x00000000a17b6398,0x00000000a3d00000)
 Metaspace       used 59858K, capacity 62192K, committed 62376K, reserved 1105920K
  class space    used 7918K, capacity 8392K, committed 8448K, reserved 1048576K
Event: 358.081 GC heap after
Heap after GC invocations=28 (full 6):
 PSYoungGen      total 81408K, used 0K [0x00000000e0000000, 0x00000000e6c00000, 0x0000000100000000)
  eden space 61440K, 0% used [0x00000000e0000000,0x00000000e0000000,0x00000000e3c00000)
  from space 19968K, 0% used [0x00000000e5280000,0x00000000e5280000,0x00000000e6600000)
  to   space 23040K, 0% used [0x00000000e3c00000,0x00000000e3c00000,0x00000000e5280000)
 ParOldGen       total 62464K, used 41998K [0x00000000a0000000, 0x00000000a3d00000, 0x00000000e0000000)
  object space 62464K, 67% used [0x00000000a0000000,0x00000000a2903a68,0x00000000a3d00000)
 Metaspace       used 59858K, capacity 62192K, committed 62376K, reserved 1105920K
  class space    used 7918K, capacity 8392K, committed 8448K, reserved 1048576K
}
Event: 387.274 GC heap before
{Heap before GC invocations=29 (full 6):
 PSYoungGen      total 81408K, used 61440K [0x00000000e0000000, 0x00000000e6c00000, 0x0000000100000000)
  eden space 61440K, 100% used [0x00000000e0000000,0x00000000e3c00000,0x00000000e3c00000)
  from space 19968K, 0% used [0x00000000e5280000,0x00000000e5280000,0x00000000e6600000)
  to   space 23040K, 0% used [0x00000000e3c00000,0x00000000e3c00000,0x00000000e5280000)
 ParOldGen       total 62464K, used 41998K [0x00000000a0000000, 0x00000000a3d00000, 0x00000000e0000000)
  object space 62464K, 67% used [0x00000000a0000000,0x00000000a2903a68,0x00000000a3d00000)
 Metaspace       used 59976K, capacity 62468K, committed 62632K, reserved 1105920K
  class space    used 7935K, capacity 8410K, committed 8448K, reserved 1048576K
Event: 387.278 GC heap after
Heap after GC invocations=29 (full 6):
 PSYoungGen      total 84480K, used 1984K [0x00000000e0000000, 0x00000000e6980000, 0x0000000100000000)
  eden space 61440K, 0% used [0x00000000e0000000,0x00000000e0000000,0x00000000e3c00000)
  from space 23040K, 8% used [0x00000000e3c00000,0x00000000e3df0000,0x00000000e5280000)
  to   space 23040K, 0% used [0x00000000e5300000,0x00000000e5300000,0x00000000e6980000)
 ParOldGen       total 62464K, used 42006K [0x00000000a0000000, 0x00000000a3d00000, 0x00000000e0000000)
  object space 62464K, 67% used [0x00000000a0000000,0x00000000a2905a68,0x00000000a3d00000)
 Metaspace       used 59976K, capacity 62468K, committed 62632K, reserved 1105920K
  class space    used 7935K, capacity 8410K, committed 8448K, reserved 1048576K
}

Deoptimization events (10 events):
Event: 356.304 Thread 0x000000001d681000 Uncommon trap: reason=unstable_if action=reinterpret pc=0x0000000003510410 method=org.codehaus.groovy.util.ReferenceManager$2.afterReferenceCreation(Lorg/codehaus/groovy/util/Reference;)V @ 33
Event: 356.318 Thread 0x000000001d681000 Uncommon trap: reason=unstable_if action=reinterpret pc=0x00000000037697c4 method=org.codehaus.groovy.util.ReferenceManager$2.afterReferenceCreation(Lorg/codehaus/groovy/util/Reference;)V @ 8
Event: 356.433 Thread 0x000000001d681000 Uncommon trap: reason=bimorphic action=maybe_recompile pc=0x00000000030f1418 method=java.lang.Throwable.<init>(Ljava/lang/String;Ljava/lang/Throwable;)V @ 24
Event: 356.463 Thread 0x000000001d681000 Uncommon trap: reason=unstable_if action=reinterpret pc=0x00000000034afa34 method=java.lang.String.lastIndexOf([CII[CIII)I @ 118
Event: 356.638 Thread 0x000000001d681000 Uncommon trap: reason=unstable_if action=reinterpret pc=0x0000000002d16788 method=groovyjarjarasm.asm.ByteVector.putShort(I)Lgroovyjarjarasm/asm/ByteVector; @ 13
Event: 356.641 Thread 0x000000001d681000 Uncommon trap: reason=unstable_if action=reinterpret pc=0x00000000045ca7b8 method=java.lang.Class$MethodArray.addInterfaceMethods([Ljava/lang/reflect/Method;)V @ 28
Event: 356.688 Thread 0x000000001d681000 Uncommon trap: reason=bimorphic action=maybe_recompile pc=0x00000000030f1418 method=java.lang.Throwable.<init>(Ljava/lang/String;Ljava/lang/Throwable;)V @ 24
Event: 357.623 Thread 0x000000001d681000 Uncommon trap: reason=unstable_if action=reinterpret pc=0x000000000383df6c method=java.lang.reflect.Proxy.isProxyClass(Ljava/lang/Class;)Z @ 6
Event: 357.625 Thread 0x000000001d681000 Uncommon trap: reason=unstable_if action=reinterpret pc=0x00000000040f2bec method=java.io.ObjectOutputStream.writeObject0(Ljava/lang/Object;Z)V @ 105
Event: 357.678 Thread 0x000000001d681000 Uncommon trap: reason=predicate action=maybe_recompile pc=0x00000000047bbd48 method=java.util.ComparableTimSort.binarySort([Ljava/lang/Object;III)V @ 37

Internal exceptions (10 events):
Event: 389.726 Thread 0x000000001d681000 Exception <a 'sun/nio/fs/WindowsException'> (0x00000000e0fe3f08) thrown at [C:\src\android\AOSP-openjdk\external\jetbrains\jdk\hotspot\src\share\vm\prims\jni.cpp, line 709]
Event: 389.726 Thread 0x000000001d681000 Exception <a 'sun/nio/fs/WindowsException'> (0x00000000e0fe4a88) thrown at [C:\src\android\AOSP-openjdk\external\jetbrains\jdk\hotspot\src\share\vm\prims\jni.cpp, line 709]
Event: 389.726 Thread 0x000000001d681000 Exception <a 'sun/nio/fs/WindowsException'> (0x00000000e0fe7760) thrown at [C:\src\android\AOSP-openjdk\external\jetbrains\jdk\hotspot\src\share\vm\prims\jni.cpp, line 709]
Event: 389.726 Thread 0x000000001d681000 Exception <a 'sun/nio/fs/WindowsException'> (0x00000000e0fe8298) thrown at [C:\src\android\AOSP-openjdk\external\jetbrains\jdk\hotspot\src\share\vm\prims\jni.cpp, line 709]
Event: 389.726 Thread 0x000000001d681000 Exception <a 'sun/nio/fs/WindowsException'> (0x00000000e0fe9e10) thrown at [C:\src\android\AOSP-openjdk\external\jetbrains\jdk\hotspot\src\share\vm\prims\jni.cpp, line 709]
Event: 389.726 Thread 0x000000001d681000 Exception <a 'sun/nio/fs/WindowsException'> (0x00000000e0fea980) thrown at [C:\src\android\AOSP-openjdk\external\jetbrains\jdk\hotspot\src\share\vm\prims\jni.cpp, line 709]
Event: 389.818 Thread 0x000000001d681000 Exception <a 'sun/nio/fs/WindowsException'> (0x00000000e0fee250) thrown at [C:\src\android\AOSP-openjdk\external\jetbrains\jdk\hotspot\src\share\vm\prims\jni.cpp, line 709]
Event: 389.818 Thread 0x000000001d681000 Exception <a 'sun/nio/fs/WindowsException'> (0x00000000e0feed98) thrown at [C:\src\android\AOSP-openjdk\external\jetbrains\jdk\hotspot\src\share\vm\prims\jni.cpp, line 709]
Event: 389.818 Thread 0x000000001d681000 Exception <a 'sun/nio/fs/WindowsException'> (0x00000000e0ff0910) thrown at [C:\src\android\AOSP-openjdk\external\jetbrains\jdk\hotspot\src\share\vm\prims\jni.cpp, line 709]
Event: 389.818 Thread 0x000000001d681000 Exception <a 'sun/nio/fs/WindowsException'> (0x00000000e0ff1498) thrown at [C:\src\android\AOSP-openjdk\external\jetbrains\jdk\hotspot\src\share\vm\prims\jni.cpp, line 709]

Events (10 events):
Event: 387.278 Executing VM operation: RevokeBias
Event: 387.278 Executing VM operation: RevokeBias done
Event: 389.153 loading class org/gradle/initialization/DefaultGradleLauncher$3
Event: 389.153 loading class org/gradle/initialization/DefaultGradleLauncher$3 done
Event: 389.154 loading class org/gradle/execution/DefaultBuildConfigurationActionExecuter$1
Event: 389.154 loading class org/gradle/execution/DefaultBuildConfigurationActionExecuter$1 done
Event: 389.155 loading class org/gradle/util/NameMatcher
Event: 389.155 loading class org/gradle/util/NameMatcher done
Event: 389.156 loading class org/gradle/execution/taskpath/ResolvedTaskPath
Event: 389.156 loading class org/gradle/execution/taskpath/ResolvedTaskPath done


Dynamic libraries:
0x00007ff6b1b30000 - 0x00007ff6b1b61000 	D:\Program Files\Android\Android Studio\jre\bin\java.exe
0x00007ff91c830000 - 0x00007ff91ca0b000 	C:\WINDOWS\SYSTEM32\ntdll.dll
0x00007ff91bef0000 - 0x00007ff91bf9e000 	C:\WINDOWS\System32\KERNEL32.DLL
0x00007ff918ed0000 - 0x00007ff919119000 	C:\WINDOWS\System32\KERNELBASE.dll
0x00007ff91c020000 - 0x00007ff91c0c1000 	C:\WINDOWS\System32\ADVAPI32.dll
0x00007ff91c790000 - 0x00007ff91c82d000 	C:\WINDOWS\System32\msvcrt.dll
0x00007ff91bbd0000 - 0x00007ff91bc29000 	C:\WINDOWS\System32\sechost.dll
0x00007ff91bc30000 - 0x00007ff91bd55000 	C:\WINDOWS\System32\RPCRT4.dll
0x00007ff91ba80000 - 0x00007ff91bbca000 	C:\WINDOWS\System32\USER32.dll
0x00007ff919ae0000 - 0x00007ff919afe000 	C:\WINDOWS\System32\win32u.dll
0x00007ff919d90000 - 0x00007ff919db7000 	C:\WINDOWS\System32\GDI32.dll
0x00007ff919c00000 - 0x00007ff919d88000 	C:\WINDOWS\System32\gdi32full.dll
0x00007ff919120000 - 0x00007ff9191ba000 	C:\WINDOWS\System32\msvcp_win.dll
0x00007ff919b00000 - 0x00007ff919bf6000 	C:\WINDOWS\System32\ucrtbase.dll
0x00007ff9076d0000 - 0x00007ff907937000 	C:\WINDOWS\WinSxS\amd64_microsoft.windows.common-controls_6595b64144ccf1df_6.0.15063.0_none_108e4f62dfe5d999\COMCTL32.dll
0x00007ff91b460000 - 0x00007ff91b759000 	C:\WINDOWS\System32\combase.dll
0x00007ff918d50000 - 0x00007ff918dba000 	C:\WINDOWS\System32\bcryptPrimitives.dll
0x00007ff91c6b0000 - 0x00007ff91c6dd000 	C:\WINDOWS\System32\IMM32.DLL
0x0000000065f70000 - 0x0000000066042000 	D:\Program Files\Android\Android Studio\jre\jre\bin\msvcr100.dll
0x0000000066050000 - 0x000000006688c000 	D:\Program Files\Android\Android Studio\jre\jre\bin\server\jvm.dll
0x00007ff919dc0000 - 0x00007ff919dc8000 	C:\WINDOWS\System32\PSAPI.DLL
0x00007ff910a60000 - 0x00007ff910a83000 	C:\WINDOWS\SYSTEM32\WINMM.dll
0x00007ff912160000 - 0x00007ff912169000 	C:\WINDOWS\SYSTEM32\WSOCK32.dll
0x00007ff911a50000 - 0x00007ff911a5a000 	C:\WINDOWS\SYSTEM32\VERSION.dll
0x00007ff91bdc0000 - 0x00007ff91be2c000 	C:\WINDOWS\System32\WS2_32.dll
0x00007ff910a30000 - 0x00007ff910a5b000 	C:\WINDOWS\SYSTEM32\WINMMBASE.dll
0x00007ff9191c0000 - 0x00007ff919209000 	C:\WINDOWS\System32\cfgmgr32.dll
0x00007ff912850000 - 0x00007ff91285f000 	D:\Program Files\Android\Android Studio\jre\jre\bin\verify.dll
0x00007ff912640000 - 0x00007ff912669000 	D:\Program Files\Android\Android Studio\jre\jre\bin\java.dll
0x00007ff912830000 - 0x00007ff912846000 	D:\Program Files\Android\Android Studio\jre\jre\bin\zip.dll
0x00007ff919fc0000 - 0x00007ff91b3f7000 	C:\WINDOWS\System32\SHELL32.dll
0x00007ff91c6e0000 - 0x00007ff91c78a000 	C:\WINDOWS\System32\shcore.dll
0x00007ff919210000 - 0x00007ff919902000 	C:\WINDOWS\System32\windows.storage.dll
0x00007ff91bd60000 - 0x00007ff91bdb1000 	C:\WINDOWS\System32\shlwapi.dll
0x00007ff918d30000 - 0x00007ff918d41000 	C:\WINDOWS\System32\kernel.appcore.dll
0x00007ff918ca0000 - 0x00007ff918cec000 	C:\WINDOWS\System32\powrprof.dll
0x00007ff918cf0000 - 0x00007ff918d05000 	C:\WINDOWS\System32\profapi.dll
0x00007ff90fc10000 - 0x00007ff90fc2a000 	D:\Program Files\Android\Android Studio\jre\jre\bin\net.dll
0x00007ff918550000 - 0x00007ff9185ac000 	C:\WINDOWS\system32\mswsock.dll
0x00007ff90f520000 - 0x00007ff90f531000 	D:\Program Files\Android\Android Studio\jre\jre\bin\nio.dll
0x00007ff90a6e0000 - 0x00007ff90a6f2000 	C:\Users\admin\.gradle\native\19\windows-amd64\native-platform.dll
0x00007ff9186f0000 - 0x00007ff918707000 	C:\WINDOWS\SYSTEM32\CRYPTSP.dll
0x00007ff918170000 - 0x00007ff9181a4000 	C:\WINDOWS\system32\rsaenh.dll
0x00007ff918b70000 - 0x00007ff918b95000 	C:\WINDOWS\SYSTEM32\bcrypt.dll
0x00007ff918ba0000 - 0x00007ff918bc9000 	C:\WINDOWS\SYSTEM32\USERENV.dll
0x00007ff918710000 - 0x00007ff91871b000 	C:\WINDOWS\SYSTEM32\CRYPTBASE.dll
0x00007ff9182f0000 - 0x00007ff918327000 	C:\WINDOWS\SYSTEM32\IPHLPAPI.DLL
0x00007ff91ba70000 - 0x00007ff91ba78000 	C:\WINDOWS\System32\NSI.dll
0x00007ff910780000 - 0x00007ff910796000 	C:\WINDOWS\SYSTEM32\dhcpcsvc6.DLL
0x00007ff9108c0000 - 0x00007ff9108da000 	C:\WINDOWS\SYSTEM32\dhcpcsvc.DLL
0x00007ff911f60000 - 0x00007ff911f6d000 	D:\Program Files\Android\Android Studio\jre\jre\bin\management.dll
0x00007ff90f220000 - 0x00007ff90f244000 	D:\Program Files\Android\Android Studio\jre\jre\bin\sunec.dll
0x00007ff918330000 - 0x00007ff9183d4000 	C:\WINDOWS\SYSTEM32\DNSAPI.dll
0x00007ff90a900000 - 0x00007ff90a90a000 	C:\Windows\System32\rasadhlp.dll
0x00007ff90bd00000 - 0x00007ff90bd6b000 	C:\WINDOWS\System32\fwpuclnt.dll
0x00007ff90fc00000 - 0x00007ff90fc0b000 	D:\Program Files\Android\Android Studio\jre\jre\bin\sunmscapi.dll
0x00007ff919910000 - 0x00007ff919ad9000 	C:\WINDOWS\System32\CRYPT32.dll
0x00007ff918d10000 - 0x00007ff918d21000 	C:\WINDOWS\System32\MSASN1.dll

VM Arguments:
jvm_args: -Xmx1536m -Dfile.encoding=windows-1252 -Duser.country=US -Duser.language=en -Duser.variant 
java_command: org.gradle.launcher.daemon.bootstrap.GradleDaemon 2.14.1
java_class_path (initial): C:\Users\admin\.gradle\wrapper\dists\gradle-2.14.1-all\8bnwg5hd3w55iofp58khbp6yv\gradle-2.14.1\lib\gradle-launcher-2.14.1.jar
Launcher Type: SUN_STANDARD

Environment Variables:
JAVA_HOME=D:\Program Files\Java\jdk1.8.0_131
PATH="D:\Program Files\Java\jdk1.8.0_131\bin;C:\ProgramData\Oracle\Java\javapath";C:\WINDOWS\system32;C:\WINDOWS;C:\WINDOWS\System32\Wbem;C:\WINDOWS\System32\WindowsPowerShell\v1.0\;C:\Program Files (x86)\AMD\ATI.ACE\Core-Static;C:\Users\admin\AppData\Local\Microsoft\WindowsApps;
USERNAME=admin
OS=Windows_NT
PROCESSOR_IDENTIFIER=Intel64 Family 6 Model 60 Stepping 3, GenuineIntel



---------------  S Y S T E M  ---------------

OS: Windows 10.0 , 64 bit Build 15063 (10.0.15063.296)

CPU:total 4 (2 cores per cpu, 2 threads per core) family 6 model 60 stepping 3, cmov, cx8, fxsr, mmx, sse, sse2, sse3, ssse3, sse4.1, sse4.2, popcnt, avx, avx2, aes, clmul, erms, lzcnt, ht, tsc, tscinvbit, bmi1, bmi2

Memory: 4k page, physical 8201324k(3346280k free), swap 21244392k(1256k free)

vm_info: OpenJDK 64-Bit Server VM (25.112-b06) for windows-amd64 JRE (1.8.0_112-release-b06), built on Dec  8 2016 00:54:26 by "builder" with MS VC++ 10.0 (VS2010)

time: Fri Jun 16 23:42:12 2017
elapsed time: 392 seconds (0d 0h 6m 32s)

